WARNING: --num-gpus=72 does not match --tp * --pp * --dp = 8*1*8 = 64. --num-gpus is accepted for command-line compatibility only; update the modeled parallelism or cluster-floor flags if you want a different total.
WARNING: --context=131072 is 16× the trained range (8192) and --allow-rope-scaling is not set. Predictions will assume vanilla RoPE and likely overstate quality loss. Pass `--allow-rope-scaling --rope-scaling-methods yarn,longrope` to enable the scaling sweep.
[arch-compiler] Searching 32.0B architectures on gb200_nvl72...
[arch-compiler] 30,000 candidates to fully evaluate
[arch-compiler] evaluated 1,000/30,000 candidates (1,000 scored)
[arch-compiler] evaluated 2,000/30,000 candidates (2,000 scored)
[arch-compiler] evaluated 3,000/30,000 candidates (3,000 scored)
[arch-compiler] evaluated 4,000/30,000 candidates (4,000 scored)
[arch-compiler] evaluated 5,000/30,000 candidates (5,000 scored)
[arch-compiler] evaluated 6,000/30,000 candidates (6,000 scored)
[arch-compiler] evaluated 7,000/30,000 candidates (7,000 scored)
[arch-compiler] evaluated 8,000/30,000 candidates (8,000 scored)
[arch-compiler] evaluated 9,000/30,000 candidates (9,000 scored)
[arch-compiler] evaluated 10,000/30,000 candidates (10,000 scored)
[arch-compiler] evaluated 11,000/30,000 candidates (11,000 scored)
[arch-compiler] evaluated 12,000/30,000 candidates (12,000 scored)
[arch-compiler] evaluated 13,000/30,000 candidates (13,000 scored)
[arch-compiler] evaluated 14,000/30,000 candidates (14,000 scored)
[arch-compiler] evaluated 15,000/30,000 candidates (15,000 scored)
[arch-compiler] evaluated 16,000/30,000 candidates (16,000 scored)
[arch-compiler] evaluated 17,000/30,000 candidates (17,000 scored)
[arch-compiler] evaluated 18,000/30,000 candidates (18,000 scored)
[arch-compiler] evaluated 19,000/30,000 candidates (19,000 scored)
[arch-compiler] evaluated 20,000/30,000 candidates (20,000 scored)
[arch-compiler] evaluated 21,000/30,000 candidates (21,000 scored)
[arch-compiler] evaluated 22,000/30,000 candidates (22,000 scored)
[arch-compiler] evaluated 23,000/30,000 candidates (23,000 scored)
[arch-compiler] evaluated 24,000/30,000 candidates (24,000 scored)
[arch-compiler] evaluated 25,000/30,000 candidates (25,000 scored)
[arch-compiler] evaluated 26,000/30,000 candidates (26,000 scored)
[arch-compiler] evaluated 27,000/30,000 candidates (27,000 scored)
[arch-compiler] evaluated 28,000/30,000 candidates (28,000 scored)
[arch-compiler] evaluated 29,000/30,000 candidates (29,000 scored)
[arch-compiler] evaluated 30,000/30,000 candidates (30,000 scored)
[arch-compiler] Search complete: 30010 evaluated (30000 initial after cap), 30010 feasible, 1483 Pareto, 214.2s
[arch-compiler] Optimal: d=15360 L=10 attn=full h=120 kv=1 ffn=40960 vocab=128256 prec=fp8 kv_bits=4
[arch-compiler] Loss*=2.7190 (uncalibrated prior) TPS=73339 (≈34% MFU vs fp8 datasheet peak, 9167 tok/s/GPU) TBT=2.8ms Mem=115.6GB
[arch-compiler] Pick rationale: selected loss 2.7190 vs best-loss contender 1.8800 (d=7168 L=53 kv_bits=8) — +44.62%. This is an explicit weighted tradeoff from the `serving_cost` objective, not a quality-equivalent tie: serving/training/memory gains outweighed the profile's loss term. Use --objective-profile research_quality for a quality-first capped band, or add --strict-quality for exact score/loss ordering.
[arch-compiler]   Cross-family serving caveat: this tiebreak compares dense vs moe on TBT/TPS, where anchor-measured model bias gives a ±41% floor (MoE TBT anchor errors span −42%…+40%). Do not treat the serving margin as measured until a serving calibration pack is fitted (ac-auto-calibrate).

32B @ 128k      loss        TBT         TTFT       mem
  MoE+MLA      1.8800    63.9 ms    13119 ms    225 GB  [nvlink spill]
  MoE          1.8819    42.2 ms     4050 ms    205 GB  [nvlink spill]   (+0.1% loss, 34% faster decode)
  dense        1.9021     574 ms    11275 ms    900 GB  [nvlink spill]   (+1.2% loss, 9.0× slower decode†)
  dense+MLA    1.9043     134 ms    13313 ms    315 GB  [nvlink spill]   (+1.3% loss, 2.1× slower decode†)
  dense (picked) 2.7190    2.83 ms     1523 ms    116 GB   (+44.6% loss, 22.6× faster decode†)  ←picked
  (rows are per-family best-loss candidates; an extra `(picked)` row appears when the objective selected a different member of that family)
  † cross-family decode/TTFT deltas are pre-calibration estimates under anchor-measured serving bias (see family_bias_v1.json for current per-family numbers); treat magnitudes, not just sub-floor deltas, with caution until a serving pack is fitted.
  NOTE: rows span architecture families; uncalibrated cross-family loss deltas below the anchor-measured family-bias floor (~10%) are model bias, not signal. The serving columns (TBT/TTFT/mem) carry LARGER cross-family bias than loss (anchor-measured MoE TBT errors span −42%…+40%; dense TTFT mean -39%): cross-family serving deltas below the printed † floor are also model bias. Within-family ordering remains usable; fit a serving calibration pack (ac-auto-calibrate) before trusting cross-family serving-cost rankings.
WARNING: 1091 contending candidate(s) sit inside the loss CI band of the picked architecture (rank-1 is not robust to uncalibrated quality-model uncertainty). The picker tiebroke them on throughput/memory; inspect the pareto.csv before treating the `Optimal:` row as unique. Full top-32 family written to /Users/yichenl/source/AC/ac-cli-release/validation/e3_retrodiction/runs/case5_greenfield/arch_contending_family.json.
WARNING: --allow-moe was set, but the picked architecture uses dense FFNs (dense model). MoE candidates exist on the Pareto frontier but were dominated by the selected non-MoE family under the current objective profile — often the honest answer at small scale / low tokens-per-param. Inspect the CSV; a finer expert axis (--moe-n-experts 64+ with --moe-granularity 0.25) is the usual way MoE wins back the loss axis.
[arch-compiler] Computing shadow prices...
[arch-compiler] evaluated 1,000/1,600 candidates (1,000 scored)
[arch-compiler] evaluated 1,000/1,600 candidates (1,000 scored)
[arch-compiler] evaluated 1,000/1,600 candidates (1,000 scored)
[arch-compiler] evaluated 1,000/1,600 candidates (1,000 scored)
[arch-compiler] evaluated 1,000/1,600 candidates (1,000 scored)
[arch-compiler] evaluated 1,000/1,600 candidates (1,000 scored)
[arch-compiler] evaluated 1,000/1,600 candidates (1,000 scored)
[arch-compiler] Computed 6 shadow prices
[arch-compiler] Wrote validation/e3_retrodiction/runs/case5_greenfield/arch.json
[arch-compiler] Wrote /Users/yichenl/source/AC/ac-cli-release/validation/e3_retrodiction/runs/case5_greenfield/arch.md
[arch-compiler] Wrote /Users/yichenl/source/AC/ac-cli-release/validation/e3_retrodiction/runs/case5_greenfield/arch_pareto.csv (1483 points)
[arch-compiler] Wrote /Users/yichenl/source/AC/ac-cli-release/validation/e3_retrodiction/runs/case5_greenfield/arch_shadow_prices.json
[arch-compiler] Binding constraints: compute_bound
[arch-compiler] Serving regime: mixed
[arch-compiler] Total time: 238.6s
